0 silly argv {
0 silly argv   _: [ 'create' ],
0 silly argv   lernaVersion: '3.22.1',
0 silly argv   '$0': '..\\..\\..\\nodejs\\node_modules\\lerna\\cli.js',
0 silly argv   name: '@cta-theme/tools'
0 silly argv }
1 notice cli v3.22.1
2 verbose rootPath C:\Users\color\Documents\workspace\temp\react-component
3 error Error: canceled
3 error     at Interface.<anonymous> (C:\Users\color\Documents\workspace\temp\react-component\node_modules\read\lib\read.js:66:13)
3 error     at Interface.emit (events.js:315:20)
3 error     at Interface._ttyWrite (readline.js:866:16)
3 error     at ReadStream.onkeypress (readline.js:205:10)
3 error     at ReadStream.emit (events.js:315:20)
3 error     at emitKeys (internal/readline/utils.js:335:14)
3 error     at emitKeys.next (<anonymous>)
3 error     at ReadStream.onData (readline.js:1133:36)
3 error     at ReadStream.emit (events.js:315:20)
3 error     at addChunk (_stream_readable.js:295:12)
3 error     at readableAddChunk (_stream_readable.js:271:9)
3 error     at ReadStream.Readable.push (_stream_readable.js:212:10)
